<?xml version="1.0" encoding="UTF-8"?>
<testsuite name="Ingresar a github de manera exitosa" tests="1" skipped="0" failures="0" errors="0" timestamp="2022-06-23T17:26:38" hostname="CHBOGPF2FKJ68" time="60.341">
  <properties/>
  <testcase name="ingresar con el usuario y clave" classname="Ingresar a github de manera exitosa" time="60.341"/>
  <system-out><![CDATA[]]></system-out>
  <system-err><![CDATA[Starting ChromeDriver 101.0.4951.41 (93c720db8323b3ec10d056025ab95c23a31997c9-refs/branch-heads/4951@{#904}) on port 60168
Only local connections are allowed.
Please see https://chromedriver.chromium.org/security-considerations for suggestions on keeping ChromeDriver safe.
ChromeDriver was started successfully.
jun 23, 2022 12:26:54 PM org.openqa.selenium.remote.ProtocolHandshake createSession
INFORMACIÓN: Detected dialect: W3C
jun 23, 2022 12:26:54 PM org.openqa.selenium.devtools.CdpVersionFinder findNearestMatch
ADVERTENCIA: Unable to find an exact match for CDP version 101, so returning the closest version found: 99
jun 23, 2022 12:26:54 PM org.openqa.selenium.devtools.CdpVersionFinder findNearestMatch
INFORMACIÓN: Found CDP implementation for version 101 of 99
]]></system-err>
</testsuite>
